2021-04-08 20:04:53 [ip] ::1 [text] // ********************************************************** //
2021-04-08 20:04:53 [ip] ::1 [text] Iniciando el proceso de envio de correos
2021-04-08 20:04:53 [ip] ::1 [text] La cantidad de correos obtenida fue cero
2021-04-08 20:17:08 [ip] ::1 [text] // ********************************************************** //
2021-04-08 20:17:08 [ip] ::1 [text] Iniciando el proceso de envio de correos
2021-04-08 20:17:08 [ip] ::1 [text] Correos enviados con exito
2021-04-08 20:17:08 [ip] ::1 [text] Se enviaron un total de: 1
2021-04-08 20:22:15 [ip] ::1 [text] // ********************************************************** //
2021-04-08 20:22:15 [ip] ::1 [text] Iniciando el proceso de envio de correos
2021-04-08 20:22:15 [ip] ::1 [text] Correos enviados con exito
2021-04-08 20:22:15 [ip] ::1 [text] Se enviaron un total de: 1
2021-04-08 20:53:09 [ip] ::1 [text] // ********************************************************** //
2021-04-08 20:53:09 [ip] ::1 [text] Iniciando el proceso de envio de correos
2021-04-08 20:53:09 [ip] ::1 [text] Correos enviados con exito
2021-04-08 20:53:09 [ip] ::1 [text] Se enviaron un total de: 1
2021-04-23 15:12:30 [ip] ::1 [text] // ********************************************************** //
2021-04-23 15:12:30 [ip] ::1 [text] Iniciando el proceso de envio de correos
2021-04-23 15:12:30 [ip] ::1 [text] Correos enviados con exito
2021-04-23 15:12:30 [ip] ::1 [text] Se enviaron un total de: 1
2021-05-17 23:34:37 [ip] ::1 [text] // ********************************************************** //
2021-05-17 23:34:37 [ip] ::1 [text] Iniciando el proceso de envio de correos
2021-05-17 23:35:00 [ip] ::1 [text] // ********************************************************** //
2021-05-17 23:35:00 [ip] ::1 [text] Iniciando el proceso de envio de correos
2021-05-17 23:35:56 [ip] ::1 [text] // ********************************************************** //
2021-05-17 23:35:56 [ip] ::1 [text] Iniciando el proceso de envio de correos
2021-05-17 23:40:12 [ip] ::1 [text] // ********************************************************** //
2021-05-17 23:40:12 [ip] ::1 [text] Iniciando el proceso de envio de correos
2021-05-17 23:40:27 [ip] ::1 [text] // ********************************************************** //
2021-05-17 23:40:27 [ip] ::1 [text] Iniciando el proceso de envio de correos
2021-05-17 23:46:17 [ip] ::1 [text] // ********************************************************** //
2021-05-17 23:46:17 [ip] ::1 [text] Iniciando el proceso de envio de correos
2021-05-17 23:46:20 [ip] ::1 [text] // ********************************************************** //
2021-05-17 23:46:20 [ip] ::1 [text] Iniciando el proceso de envio de correos
2021-05-17 23:47:28 [ip] ::1 [text] // ********************************************************** //
2021-05-17 23:47:28 [ip] ::1 [text] Iniciando el proceso de envio de correos
2021-05-17 23:48:14 [ip] ::1 [text] // ********************************************************** //
2021-05-17 23:48:14 [ip] ::1 [text] Iniciando el proceso de envio de correos
